<?xml version="1.0" encoding="UTF-8"?>
<!-- Generated by org.testng.reporters.JUnitXMLReporter -->
<testsuite ignored="1" hostname="hp" failures="0" tests="1" name="Default test" time="9.839" errors="0" timestamp="2023-02-27T19:44:07 IST">
  <testcase classname="com.MyStore.TestCases.TC_MyAccountPageTest" name="verifyLogin" time="2.933"/>
  <testcase classname="com.MyStore.TestCases.TC_MyAccountPageTest" name="verifyRegistrationAndLogin" time="0.0">
    <ignored/>
  </testcase> <!-- verifyRegistrationAndLogin -->
</testsuite> <!-- Default test -->
