<?xml version="1.0" encoding="UTF-8"?>
<!-- Generated by org.testng.reporters.JUnitXMLReporter -->
<testsuite ignored="1" hostname="hp" failures="0" tests="1" name="Test" time="9.487" errors="0" timestamp="2023-02-27T19:48:23 IST">
  <testcase classname="com.MyStore.TestCases.TC_MyAccountPageTest" name="verifyLogin" time="2.888"/>
  <testcase classname="com.MyStore.TestCases.TC_MyAccountPageTest" name="verifyRegistrationAndLogin" time="0.0">
    <ignored/>
  </testcase> <!-- verifyRegistrationAndLogin -->
</testsuite> <!-- Test -->
