<?xml version="1.0" encoding="UTF-8"?>
<testng-results ignored="1" total="2" passed="1" failed="0" skipped="0">
  <reporter-output>
  </reporter-output>
  <suite started-at="2023-02-27T19:48:13 IST" name="Suite" finished-at="2023-02-27T19:48:22 IST" duration-ms="9487">
    <groups>
    </groups>
    <test started-at="2023-02-27T19:48:13 IST" name="Test" finished-at="2023-02-27T19:48:22 IST" duration-ms="9487">
      <class name="com.MyStore.TestCases.TC_MyAccountPageTest">
        <test-method is-config="true" signature="setup()[pri:0, instance:com.MyStore.TestCases.TC_MyAccountPageTest@33d512c1]" started-at="2023-02-27T19:48:13 IST" name="setup" finished-at="2023-02-27T19:48:19 IST" duration-ms="6310" status="PASS">
          <reporter-output>
          </reporter-output>
        </test-method> <!-- setup -->
        <test-method signature="verifyLogin()[pri:0, instance:com.MyStore.TestCases.TC_MyAccountPageTest@33d512c1]" started-at="2023-02-27T19:48:19 IST" name="verifyLogin" finished-at="2023-02-27T19:48:22 IST" duration-ms="2888" status="PASS">
          <reporter-output>
          </reporter-output>
        </test-method> <!-- verifyLogin -->
        <test-method is-config="true" signature="tearDown()[pri:0, instance:com.MyStore.TestCases.TC_MyAccountPageTest@33d512c1]" started-at="2023-02-27T19:48:22 IST" name="tearDown" finished-at="2023-02-27T19:48:22 IST" duration-ms="2" status="PASS">
          <reporter-output>
          </reporter-output>
        </test-method> <!-- tearDown -->
      </class> <!-- com.MyStore.TestCases.TC_MyAccountPageTest -->
    </test> <!-- Test -->
  </suite> <!-- Suite -->
</testng-results>
